[0.105s] DEBUG:colcon:Command line arguments: ['/usr/bin/colcon', 'build', '--packages-select', 'navbot_ros', '--symlink-install']
[0.105s] DEBUG:colcon:Parsed command line arguments: Namespace(log_base=None, log_level=None, verb_name='build', build_base='build', install_base='install', merge_install=False, symlink_install=True, test_result_base=None, continue_on_error=False, executor='parallel', parallel_workers=4, event_handlers=None, ignore_user_meta=False, metas=['./colcon.meta'], base_paths=['.'], packages_ignore=None, packages_ignore_regex=None, paths=None, packages_up_to=None, packages_up_to_regex=None, packages_above=None, packages_above_and_dependencies=None, packages_above_depth=None, packages_select_by_dep=None, packages_skip_by_dep=None, packages_skip_up_to=None, packages_select_build_failed=False, packages_skip_build_finished=False, packages_select_test_failures=False, packages_skip_test_passed=False, packages_select=['navbot_ros'], packages_skip=None, packages_select_regex=None, packages_skip_regex=None, packages_start=None, packages_end=None, allow_overriding=[], cmake_args=None, cmake_target=None, cmake_target_skip_unavailable=False, cmake_clean_cache=False, cmake_clean_first=False, cmake_force_configure=False, ament_cmake_args=None, catkin_cmake_args=None, catkin_skip_building_tests=False, verb_parser=<colcon_defaults.argument_parser.defaults.DefaultArgumentsDecorator object at 0x7bd749974940>, verb_extension=<colcon_core.verb.build.BuildVerb object at 0x7bd749a79db0>, main=<bound method BuildVerb.main of <colcon_core.verb.build.BuildVerb object at 0x7bd749a79db0>>)
[0.299s] Level 1:colcon.colcon_core.package_discovery:discover_packages(colcon_meta) check parameters
[0.299s] Level 1:colcon.colcon_core.package_discovery:discover_packages(recursive) check parameters
[0.300s] Level 1:colcon.colcon_core.package_discovery:discover_packages(ignore) check parameters
[0.300s] Level 1:colcon.colcon_core.package_discovery:discover_packages(path) check parameters
[0.300s] Level 1:colcon.colcon_core.package_discovery:discover_packages(colcon_meta) discover
[0.300s] Level 1:colcon.colcon_core.package_discovery:discover_packages(recursive) discover
[0.300s] INFO:colcon.colcon_core.package_discovery:Crawling recursively for packages in '/home/nav/ros2_ws/src/navbot'
[0.300s] Level 1:colcon.colcon_core.package_identification:_identify(.) by extensions ['ignore', 'ignore_ament_install']
[0.300s] Level 1:colcon.colcon_core.package_identification:_identify(.) by extension 'ignore'
[0.300s] Level 1:colcon.colcon_core.package_identification:_identify(.) by extension 'ignore_ament_install'
[0.300s] Level 1:colcon.colcon_core.package_identification:_identify(.) by extensions ['colcon_pkg']
[0.300s] Level 1:colcon.colcon_core.package_identification:_identify(.) by extension 'colcon_pkg'
[0.300s] Level 1:colcon.colcon_core.package_identification:_identify(.) by extensions ['colcon_meta']
[0.300s] Level 1:colcon.colcon_core.package_identification:_identify(.) by extension 'colcon_meta'
[0.300s] Level 1:colcon.colcon_core.package_identification:_identify(.) by extensions ['ros']
[0.300s] Level 1:colcon.colcon_core.package_identification:_identify(.) by extension 'ros'
[0.315s] Level 1:colcon.colcon_core.package_identification:_identify(.) by extensions ['cmake', 'python']
[0.315s] Level 1:colcon.colcon_core.package_identification:_identify(.) by extension 'cmake'
[0.315s] Level 1:colcon.colcon_core.package_identification:_identify(.) by extension 'python'
[0.315s] Level 1:colcon.colcon_core.package_identification:_identify(.) by extensions ['python_setup_py']
[0.315s] Level 1:colcon.colcon_core.package_identification:_identify(.) by extension 'python_setup_py'
[0.315s] Level 1:colcon.colcon_core.package_identification:_identify(build) by extensions ['ignore', 'ignore_ament_install']
[0.315s] Level 1:colcon.colcon_core.package_identification:_identify(build) by extension 'ignore'
[0.315s] Level 1:colcon.colcon_core.package_identification:_identify(build) ignored
[0.315s] Level 1:colcon.colcon_core.package_identification:_identify(docs) by extensions ['ignore', 'ignore_ament_install']
[0.315s] Level 1:colcon.colcon_core.package_identification:_identify(docs) by extension 'ignore'
[0.315s] Level 1:colcon.colcon_core.package_identification:_identify(docs) by extension 'ignore_ament_install'
[0.316s] Level 1:colcon.colcon_core.package_identification:_identify(docs) by extensions ['colcon_pkg']
[0.316s] Level 1:colcon.colcon_core.package_identification:_identify(docs) by extension 'colcon_pkg'
[0.316s] Level 1:colcon.colcon_core.package_identification:_identify(docs) by extensions ['colcon_meta']
[0.316s] Level 1:colcon.colcon_core.package_identification:_identify(docs) by extension 'colcon_meta'
[0.316s] Level 1:colcon.colcon_core.package_identification:_identify(docs) by extensions ['ros']
[0.316s] Level 1:colcon.colcon_core.package_identification:_identify(docs) by extension 'ros'
[0.316s] Level 1:colcon.colcon_core.package_identification:_identify(docs) by extensions ['cmake', 'python']
[0.316s] Level 1:colcon.colcon_core.package_identification:_identify(docs) by extension 'cmake'
[0.316s] Level 1:colcon.colcon_core.package_identification:_identify(docs) by extension 'python'
[0.316s] Level 1:colcon.colcon_core.package_identification:_identify(docs) by extensions ['python_setup_py']
[0.316s] Level 1:colcon.colcon_core.package_identification:_identify(docs) by extension 'python_setup_py'
[0.316s] Level 1:colcon.colcon_core.package_identification:_identify(install) by extensions ['ignore', 'ignore_ament_install']
[0.316s] Level 1:colcon.colcon_core.package_identification:_identify(install) by extension 'ignore'
[0.316s] Level 1:colcon.colcon_core.package_identification:_identify(install) ignored
[0.316s] Level 1:colcon.colcon_core.package_identification:_identify(log) by extensions ['ignore', 'ignore_ament_install']
[0.316s] Level 1:colcon.colcon_core.package_identification:_identify(log) by extension 'ignore'
[0.316s] Level 1:colcon.colcon_core.package_identification:_identify(log) ignored
[0.316s] Level 1:colcon.colcon_core.package_identification:_identify(navbot_ros) by extensions ['ignore', 'ignore_ament_install']
[0.316s] Level 1:colcon.colcon_core.package_identification:_identify(navbot_ros) by extension 'ignore'
[0.316s] Level 1:colcon.colcon_core.package_identification:_identify(navbot_ros) by extension 'ignore_ament_install'
[0.317s] Level 1:colcon.colcon_core.package_identification:_identify(navbot_ros) by extensions ['colcon_pkg']
[0.317s] Level 1:colcon.colcon_core.package_identification:_identify(navbot_ros) by extension 'colcon_pkg'
[0.317s] Level 1:colcon.colcon_core.package_identification:_identify(navbot_ros) by extensions ['colcon_meta']
[0.317s] Level 1:colcon.colcon_core.package_identification:_identify(navbot_ros) by extension 'colcon_meta'
[0.317s] Level 1:colcon.colcon_core.package_identification:_identify(navbot_ros) by extensions ['ros']
[0.317s] Level 1:colcon.colcon_core.package_identification:_identify(navbot_ros) by extension 'ros'
[0.319s] DEBUG:colcon.colcon_core.package_identification:Package 'navbot_ros' with type 'ros.ament_cmake' and name 'navbot_ros'
[0.319s] Level 1:colcon.colcon_core.package_discovery:discover_packages(recursive) using defaults
[0.319s] Level 1:colcon.colcon_core.package_discovery:discover_packages(ignore) discover
[0.319s] Level 1:colcon.colcon_core.package_discovery:discover_packages(ignore) using defaults
[0.319s] Level 1:colcon.colcon_core.package_discovery:discover_packages(path) discover
[0.319s] Level 1:colcon.colcon_core.package_discovery:discover_packages(path) using defaults
[0.352s] Level 1:colcon.colcon_core.package_discovery:discover_packages(prefix_path) check parameters
[0.352s] Level 1:colcon.colcon_core.package_discovery:discover_packages(prefix_path) discover
[0.354s] DEBUG:colcon.colcon_installed_package_information.package_discovery:Found 1 installed packages in /home/nav/ros2_ws/install
[0.355s] DEBUG:colcon.colcon_installed_package_information.package_discovery:Found 379 installed packages in /opt/ros/humble
[0.357s] Level 1:colcon.colcon_core.package_discovery:discover_packages(prefix_path) using defaults
[0.408s] Level 5:colcon.colcon_core.verb:set package 'navbot_ros' build argument 'cmake_args' from command line to 'None'
[0.408s] Level 5:colcon.colcon_core.verb:set package 'navbot_ros' build argument 'cmake_target' from command line to 'None'
[0.408s] Level 5:colcon.colcon_core.verb:set package 'navbot_ros' build argument 'cmake_target_skip_unavailable' from command line to 'False'
[0.408s] Level 5:colcon.colcon_core.verb:set package 'navbot_ros' build argument 'cmake_clean_cache' from command line to 'False'
[0.408s] Level 5:colcon.colcon_core.verb:set package 'navbot_ros' build argument 'cmake_clean_first' from command line to 'False'
[0.408s] Level 5:colcon.colcon_core.verb:set package 'navbot_ros' build argument 'cmake_force_configure' from command line to 'False'
[0.408s] Level 5:colcon.colcon_core.verb:set package 'navbot_ros' build argument 'ament_cmake_args' from command line to 'None'
[0.408s] Level 5:colcon.colcon_core.verb:set package 'navbot_ros' build argument 'catkin_cmake_args' from command line to 'None'
[0.408s] Level 5:colcon.colcon_core.verb:set package 'navbot_ros' build argument 'catkin_skip_building_tests' from command line to 'False'
[0.408s] DEBUG:colcon.colcon_core.verb:Building package 'navbot_ros' with the following arguments: {'ament_cmake_args': None, 'build_base': '/home/nav/ros2_ws/src/navbot/build/navbot_ros', 'catkin_cmake_args': None, 'catkin_skip_building_tests': False, 'cmake_args': None, 'cmake_clean_cache': False, 'cmake_clean_first': False, 'cmake_force_configure': False, 'cmake_target': None, 'cmake_target_skip_unavailable': False, 'install_base': '/home/nav/ros2_ws/src/navbot/install/navbot_ros', 'merge_install': False, 'path': '/home/nav/ros2_ws/src/navbot/navbot_ros', 'symlink_install': True, 'test_result_base': None}
[0.409s] INFO:colcon.colcon_core.executor:Executing jobs using 'parallel' executor
[0.410s] DEBUG:colcon.colcon_parallel_executor.executor.parallel:run_until_complete
[0.410s] INFO:colcon.colcon_ros.task.ament_cmake.build:Building ROS package in '/home/nav/ros2_ws/src/navbot/navbot_ros' with build type 'ament_cmake'
[0.410s] INFO:colcon.colcon_cmake.task.cmake.build:Building CMake package in '/home/nav/ros2_ws/src/navbot/navbot_ros'
[0.412s] INFO:colcon.colcon_core.plugin_system:Skipping extension 'colcon_core.shell.bat': Not used on non-Windows systems
[0.412s] INFO:colcon.colcon_core.shell:Skip shell extension 'powershell' for command environment: Not usable outside of PowerShell
[0.412s] DEBUG:colcon.colcon_core.shell:Skip shell extension 'dsv' for command environment
[0.421s] DEBUG:colcon.colcon_core.event_handler.log_command:Invoking command in '/home/nav/ros2_ws/src/navbot/build/navbot_ros': CMAKE_PREFIX_PATH=${CMAKE_PREFIX_PATH}:/opt/ros/humble NX_CONNECTION=192.168.8.166 37032 192.168.8.204 4000 /usr/bin/cmake /home/nav/ros2_ws/src/navbot/navbot_ros -DAMENT_CMAKE_SYMLINK_INSTALL=1 -DCMAKE_INSTALL_PREFIX=/home/nav/ros2_ws/src/navbot/install/navbot_ros
[1.212s] DEBUG:colcon.colcon_core.event_handler.log_command:Invoked command in '/home/nav/ros2_ws/src/navbot/build/navbot_ros' returned '0': CMAKE_PREFIX_PATH=${CMAKE_PREFIX_PATH}:/opt/ros/humble NX_CONNECTION=192.168.8.166 37032 192.168.8.204 4000 /usr/bin/cmake /home/nav/ros2_ws/src/navbot/navbot_ros -DAMENT_CMAKE_SYMLINK_INSTALL=1 -DCMAKE_INSTALL_PREFIX=/home/nav/ros2_ws/src/navbot/install/navbot_ros
[1.214s] DEBUG:colcon.colcon_core.event_handler.log_command:Invoking command in '/home/nav/ros2_ws/src/navbot/build/navbot_ros': CMAKE_PREFIX_PATH=${CMAKE_PREFIX_PATH}:/opt/ros/humble NX_CONNECTION=192.168.8.166 37032 192.168.8.204 4000 /usr/bin/cmake --build /home/nav/ros2_ws/src/navbot/build/navbot_ros -- -j4 -l4
[1.754s] DEBUG:colcon.colcon_core.event_handler.log_command:Invoked command in '/home/nav/ros2_ws/src/navbot/build/navbot_ros' returned '0': CMAKE_PREFIX_PATH=${CMAKE_PREFIX_PATH}:/opt/ros/humble NX_CONNECTION=192.168.8.166 37032 192.168.8.204 4000 /usr/bin/cmake --build /home/nav/ros2_ws/src/navbot/build/navbot_ros -- -j4 -l4
[1.774s] DEBUG:colcon.colcon_core.event_handler.log_command:Invoking command in '/home/nav/ros2_ws/src/navbot/build/navbot_ros': CMAKE_PREFIX_PATH=${CMAKE_PREFIX_PATH}:/opt/ros/humble NX_CONNECTION=192.168.8.166 37032 192.168.8.204 4000 /usr/bin/cmake --install /home/nav/ros2_ws/src/navbot/build/navbot_ros
[2.316s] Level 1:colcon.colcon_core.environment:create_environment_scripts_only(navbot_ros)
[2.317s] DEBUG:colcon.colcon_core.event_handler.log_command:Invoked command in '/home/nav/ros2_ws/src/navbot/build/navbot_ros' returned '0': CMAKE_PREFIX_PATH=${CMAKE_PREFIX_PATH}:/opt/ros/humble NX_CONNECTION=192.168.8.166 37032 192.168.8.204 4000 /usr/bin/cmake --install /home/nav/ros2_ws/src/navbot/build/navbot_ros
[2.319s] Level 1:colcon.colcon_core.environment:checking '/home/nav/ros2_ws/src/navbot/install/navbot_ros' for CMake module files
[2.320s] Level 1:colcon.colcon_core.environment:checking '/home/nav/ros2_ws/src/navbot/install/navbot_ros' for CMake config files
[2.320s] Level 1:colcon.colcon_core.shell:create_environment_hook('navbot_ros', 'cmake_prefix_path')
[2.320s] INFO:colcon.colcon_core.shell:Creating environment hook '/home/nav/ros2_ws/src/navbot/install/navbot_ros/share/navbot_ros/hook/cmake_prefix_path.ps1'
[2.321s] INFO:colcon.colcon_core.shell:Creating environment descriptor '/home/nav/ros2_ws/src/navbot/install/navbot_ros/share/navbot_ros/hook/cmake_prefix_path.dsv'
[2.321s] INFO:colcon.colcon_core.shell:Creating environment hook '/home/nav/ros2_ws/src/navbot/install/navbot_ros/share/navbot_ros/hook/cmake_prefix_path.sh'
[2.322s] Level 1:colcon.colcon_core.environment:checking '/home/nav/ros2_ws/src/navbot/install/navbot_ros/lib'
[2.322s] Level 1:colcon.colcon_core.environment:checking '/home/nav/ros2_ws/src/navbot/install/navbot_ros/bin'
[2.322s] Level 1:colcon.colcon_core.environment:checking '/home/nav/ros2_ws/src/navbot/install/navbot_ros/lib/pkgconfig/navbot_ros.pc'
[2.323s] Level 1:colcon.colcon_core.environment:checking '/home/nav/ros2_ws/src/navbot/install/navbot_ros/lib/python3.10/site-packages'
[2.323s] Level 1:colcon.colcon_core.environment:checking '/home/nav/ros2_ws/src/navbot/install/navbot_ros/bin'
[2.323s] INFO:colcon.colcon_core.shell:Creating package script '/home/nav/ros2_ws/src/navbot/install/navbot_ros/share/navbot_ros/package.ps1'
[2.324s] INFO:colcon.colcon_core.shell:Creating package descriptor '/home/nav/ros2_ws/src/navbot/install/navbot_ros/share/navbot_ros/package.dsv'
[2.324s] INFO:colcon.colcon_core.shell:Creating package script '/home/nav/ros2_ws/src/navbot/install/navbot_ros/share/navbot_ros/package.sh'
[2.325s] INFO:colcon.colcon_core.shell:Creating package script '/home/nav/ros2_ws/src/navbot/install/navbot_ros/share/navbot_ros/package.bash'
[2.326s] INFO:colcon.colcon_core.shell:Creating package script '/home/nav/ros2_ws/src/navbot/install/navbot_ros/share/navbot_ros/package.zsh'
[2.326s] Level 1:colcon.colcon_core.environment:create_file_with_runtime_dependencies(/home/nav/ros2_ws/src/navbot/install/navbot_ros/share/colcon-core/packages/navbot_ros)
[2.327s] Level 1:colcon.colcon_core.environment:create_environment_scripts_only(navbot_ros)
[2.327s] Level 1:colcon.colcon_core.environment:checking '/home/nav/ros2_ws/src/navbot/install/navbot_ros' for CMake module files
[2.328s] Level 1:colcon.colcon_core.environment:checking '/home/nav/ros2_ws/src/navbot/install/navbot_ros' for CMake config files
[2.328s] Level 1:colcon.colcon_core.shell:create_environment_hook('navbot_ros', 'cmake_prefix_path')
[2.328s] INFO:colcon.colcon_core.shell:Creating environment hook '/home/nav/ros2_ws/src/navbot/install/navbot_ros/share/navbot_ros/hook/cmake_prefix_path.ps1'
[2.329s] INFO:colcon.colcon_core.shell:Creating environment descriptor '/home/nav/ros2_ws/src/navbot/install/navbot_ros/share/navbot_ros/hook/cmake_prefix_path.dsv'
[2.329s] INFO:colcon.colcon_core.shell:Creating environment hook '/home/nav/ros2_ws/src/navbot/install/navbot_ros/share/navbot_ros/hook/cmake_prefix_path.sh'
[2.330s] Level 1:colcon.colcon_core.environment:checking '/home/nav/ros2_ws/src/navbot/install/navbot_ros/lib'
[2.330s] Level 1:colcon.colcon_core.environment:checking '/home/nav/ros2_ws/src/navbot/install/navbot_ros/bin'
[2.330s] Level 1:colcon.colcon_core.environment:checking '/home/nav/ros2_ws/src/navbot/install/navbot_ros/lib/pkgconfig/navbot_ros.pc'
[2.330s] Level 1:colcon.colcon_core.environment:checking '/home/nav/ros2_ws/src/navbot/install/navbot_ros/lib/python3.10/site-packages'
[2.331s] Level 1:colcon.colcon_core.environment:checking '/home/nav/ros2_ws/src/navbot/install/navbot_ros/bin'
[2.331s] INFO:colcon.colcon_core.shell:Creating package script '/home/nav/ros2_ws/src/navbot/install/navbot_ros/share/navbot_ros/package.ps1'
[2.332s] INFO:colcon.colcon_core.shell:Creating package descriptor '/home/nav/ros2_ws/src/navbot/install/navbot_ros/share/navbot_ros/package.dsv'
[2.332s] INFO:colcon.colcon_core.shell:Creating package script '/home/nav/ros2_ws/src/navbot/install/navbot_ros/share/navbot_ros/package.sh'
[2.333s] INFO:colcon.colcon_core.shell:Creating package script '/home/nav/ros2_ws/src/navbot/install/navbot_ros/share/navbot_ros/package.bash'
[2.333s] INFO:colcon.colcon_core.shell:Creating package script '/home/nav/ros2_ws/src/navbot/install/navbot_ros/share/navbot_ros/package.zsh'
[2.334s] Level 1:colcon.colcon_core.environment:create_file_with_runtime_dependencies(/home/nav/ros2_ws/src/navbot/install/navbot_ros/share/colcon-core/packages/navbot_ros)
[2.334s] DEBUG:colcon.colcon_parallel_executor.executor.parallel:closing loop
[2.334s] DEBUG:colcon.colcon_parallel_executor.executor.parallel:loop closed
[2.335s] DEBUG:colcon.colcon_parallel_executor.executor.parallel:run_until_complete finished with '0'
[2.335s] DEBUG:colcon.colcon_core.event_reactor:joining thread
[2.339s] INFO:colcon.colcon_core.plugin_system:Skipping extension 'colcon_notification.desktop_notification.terminal_notifier': Not used on non-Darwin systems
[2.339s] INFO:colcon.colcon_core.plugin_system:Skipping extension 'colcon_notification.desktop_notification.win32': Not used on non-Windows systems
[2.339s] INFO:colcon.colcon_notification.desktop_notification:Sending desktop notification using 'notify2'
[2.353s] DEBUG:colcon.colcon_core.event_reactor:joined thread
[2.353s] INFO:colcon.colcon_core.shell:Creating prefix script '/home/nav/ros2_ws/src/navbot/install/local_setup.ps1'
[2.354s] INFO:colcon.colcon_core.shell:Creating prefix util module '/home/nav/ros2_ws/src/navbot/install/_local_setup_util_ps1.py'
[2.356s] INFO:colcon.colcon_core.shell:Creating prefix chain script '/home/nav/ros2_ws/src/navbot/install/setup.ps1'
[2.357s] INFO:colcon.colcon_core.shell:Creating prefix script '/home/nav/ros2_ws/src/navbot/install/local_setup.sh'
[2.358s] INFO:colcon.colcon_core.shell:Creating prefix util module '/home/nav/ros2_ws/src/navbot/install/_local_setup_util_sh.py'
[2.359s] INFO:colcon.colcon_core.shell:Creating prefix chain script '/home/nav/ros2_ws/src/navbot/install/setup.sh'
[2.360s] INFO:colcon.colcon_core.shell:Creating prefix script '/home/nav/ros2_ws/src/navbot/install/local_setup.bash'
[2.361s] INFO:colcon.colcon_core.shell:Creating prefix chain script '/home/nav/ros2_ws/src/navbot/install/setup.bash'
[2.362s] INFO:colcon.colcon_core.shell:Creating prefix script '/home/nav/ros2_ws/src/navbot/install/local_setup.zsh'
[2.362s] INFO:colcon.colcon_core.shell:Creating prefix chain script '/home/nav/ros2_ws/src/navbot/install/setup.zsh'
