[0.011s] Invoking command in '/home/nav/ros2_ws/src/navbot/build/navbot_ros': CMAKE_PREFIX_PATH=${CMAKE_PREFIX_PATH}:/opt/ros/humble NX_CONNECTION=192.168.8.166 37032 192.168.8.204 4000 /usr/bin/cmake /home/nav/ros2_ws/src/navbot/navbot_ros -DAMENT_CMAKE_SYMLINK_INSTALL=1 -DCMAKE_INSTALL_PREFIX=/home/nav/ros2_ws/src/navbot/install/navbot_ros
[0.068s] -- The C compiler identification is GNU 11.4.0
[0.126s] -- The CXX compiler identification is GNU 11.4.0
[0.134s] -- Detecting C compiler ABI info
[0.210s] -- Detecting C compiler ABI info - done
[0.219s] -- Check for working C compiler: /usr/bin/cc - skipped
[0.219s] -- Detecting C compile features
[0.222s] -- Detecting C compile features - done
[0.223s] -- Detecting CXX compiler ABI info
[0.325s] -- Detecting CXX compiler ABI info - done
[0.335s] -- Check for working CXX compiler: /usr/bin/c++ - skipped
[0.336s] -- Detecting CXX compile features
[0.336s] -- Detecting CXX compile features - done
[0.349s] -- Found ament_cmake: 1.3.13 (/opt/ros/humble/share/ament_cmake/cmake)
[0.540s] -- Found Python3: /usr/bin/python3 (found version "3.10.12") found components: Interpreter 
[0.608s] -- Override CMake install command with custom implementation using symlinks instead of copying resources
[0.792s] -- Configuring done
[0.796s] -- Generating done
[0.798s] -- Build files have been written to: /home/nav/ros2_ws/src/navbot/build/navbot_ros
[0.802s] Invoked command in '/home/nav/ros2_ws/src/navbot/build/navbot_ros' returned '0': CMAKE_PREFIX_PATH=${CMAKE_PREFIX_PATH}:/opt/ros/humble NX_CONNECTION=192.168.8.166 37032 192.168.8.204 4000 /usr/bin/cmake /home/nav/ros2_ws/src/navbot/navbot_ros -DAMENT_CMAKE_SYMLINK_INSTALL=1 -DCMAKE_INSTALL_PREFIX=/home/nav/ros2_ws/src/navbot/install/navbot_ros
[0.803s] Invoking command in '/home/nav/ros2_ws/src/navbot/build/navbot_ros': CMAKE_PREFIX_PATH=${CMAKE_PREFIX_PATH}:/opt/ros/humble NX_CONNECTION=192.168.8.166 37032 192.168.8.204 4000 /usr/bin/cmake --build /home/nav/ros2_ws/src/navbot/build/navbot_ros -- -j4 -l4
[0.872s] Built target ament_cmake_python_symlink_navbot_ros
[1.277s] running egg_info
[1.278s] creating navbot_ros.egg-info
[1.278s] writing navbot_ros.egg-info/PKG-INFO
[1.278s] writing dependency_links to navbot_ros.egg-info/dependency_links.txt
[1.278s] writing top-level names to navbot_ros.egg-info/top_level.txt
[1.279s] writing manifest file 'navbot_ros.egg-info/SOURCES.txt'
[1.283s] reading manifest file 'navbot_ros.egg-info/SOURCES.txt'
[1.284s] writing manifest file 'navbot_ros.egg-info/SOURCES.txt'
[1.327s] Built target ament_cmake_python_build_navbot_ros_egg
[1.343s] Invoked command in '/home/nav/ros2_ws/src/navbot/build/navbot_ros' returned '0': CMAKE_PREFIX_PATH=${CMAKE_PREFIX_PATH}:/opt/ros/humble NX_CONNECTION=192.168.8.166 37032 192.168.8.204 4000 /usr/bin/cmake --build /home/nav/ros2_ws/src/navbot/build/navbot_ros -- -j4 -l4
[1.363s] Invoking command in '/home/nav/ros2_ws/src/navbot/build/navbot_ros': CMAKE_PREFIX_PATH=${CMAKE_PREFIX_PATH}:/opt/ros/humble NX_CONNECTION=192.168.8.166 37032 192.168.8.204 4000 /usr/bin/cmake --install /home/nav/ros2_ws/src/navbot/build/navbot_ros
[1.375s] -- Install configuration: ""
[1.375s] -- Execute custom install script
[1.375s] -- Symlinking: /home/nav/ros2_ws/src/navbot/install/navbot_ros/share/navbot_ros/config/navbot.rviz
[1.388s] -- Symlinking: /home/nav/ros2_ws/src/navbot/install/navbot_ros/share/navbot_ros/config/slam_toolbox_params.yaml
[1.399s] -- Symlinking: /home/nav/ros2_ws/src/navbot/install/navbot_ros/share/navbot_ros/launch/bringup_ekf.launch.xml
[1.410s] -- Symlinking: /home/nav/ros2_ws/src/navbot/install/navbot_ros/share/navbot_ros/launch/bringup_pf.launch.xml
[1.427s] -- Symlinking: /home/nav/ros2_ws/src/navbot/install/navbot_ros/share/navbot_ros/launch/bringup_slam.launch.xml
[1.437s] -- Symlinking: /home/nav/ros2_ws/src/navbot/install/navbot_ros/share/navbot_ros/maps/.DS_Store
[1.449s] -- Symlinking: /home/nav/ros2_ws/src/navbot/install/navbot_ros/share/navbot_ros/maps/distance_field.png
[1.460s] -- Symlinking: /home/nav/ros2_ws/src/navbot/install/navbot_ros/share/navbot_ros/maps/map1/map.svg
[1.470s] -- Symlinking: /home/nav/ros2_ws/src/navbot/install/navbot_ros/share/navbot_ros/maps/map1/map.yaml
[1.479s] -- Symlinking: /home/nav/ros2_ws/src/navbot/install/navbot_ros/share/navbot_ros/maps/map1/map_processed.png
[1.488s] -- Symlinking: /home/nav/ros2_ws/src/navbot/install/navbot_ros/share/navbot_ros/maps/map1/map_raw.png
[1.497s] -- Symlinking: /home/nav/ros2_ws/src/navbot/install/navbot_ros/share/navbot_ros/maps/map_processing.py
[1.510s] -- Symlinking: /home/nav/ros2_ws/src/navbot/install/navbot_ros/share/navbot_ros/environment/pythonpath.sh
[1.517s] -- Symlinking: /home/nav/ros2_ws/src/navbot/install/navbot_ros/share/navbot_ros/environment/pythonpath.dsv
[1.527s] -- Symlinking: /home/nav/ros2_ws/src/navbot/install/navbot_ros/local/lib/python3.10/dist-packages/navbot_ros-0.0.0-py3.10.egg-info/PKG-INFO
[1.536s] -- Symlinking: /home/nav/ros2_ws/src/navbot/install/navbot_ros/local/lib/python3.10/dist-packages/navbot_ros-0.0.0-py3.10.egg-info/SOURCES.txt
[1.548s] -- Symlinking: /home/nav/ros2_ws/src/navbot/install/navbot_ros/local/lib/python3.10/dist-packages/navbot_ros-0.0.0-py3.10.egg-info/dependency_links.txt
[1.558s] -- Symlinking: /home/nav/ros2_ws/src/navbot/install/navbot_ros/local/lib/python3.10/dist-packages/navbot_ros-0.0.0-py3.10.egg-info/top_level.txt
[1.566s] -- Symlinking: /home/nav/ros2_ws/src/navbot/install/navbot_ros/local/lib/python3.10/dist-packages/navbot_ros/__init__.py
[1.576s] -- Symlinking: /home/nav/ros2_ws/src/navbot/install/navbot_ros/local/lib/python3.10/dist-packages/navbot_ros/camera_estimator.py
[1.585s] -- Symlinking: /home/nav/ros2_ws/src/navbot/install/navbot_ros/local/lib/python3.10/dist-packages/navbot_ros/data_handling.py
[1.595s] -- Symlinking: /home/nav/ros2_ws/src/navbot/install/navbot_ros/local/lib/python3.10/dist-packages/navbot_ros/extended_kalman_filter.py
[1.603s] -- Symlinking: /home/nav/ros2_ws/src/navbot/install/navbot_ros/local/lib/python3.10/dist-packages/navbot_ros/motion_models.py
[1.612s] -- Symlinking: /home/nav/ros2_ws/src/navbot/install/navbot_ros/local/lib/python3.10/dist-packages/navbot_ros/parameters.py
[1.622s] -- Symlinking: /home/nav/ros2_ws/src/navbot/install/navbot_ros/local/lib/python3.10/dist-packages/navbot_ros/particle_filter.py
[1.631s] -- Symlinking: /home/nav/ros2_ws/src/navbot/install/navbot_ros/local/lib/python3.10/dist-packages/navbot_ros/robot.py
[1.643s] -- Symlinking: /home/nav/ros2_ws/src/navbot/install/navbot_ros/local/lib/python3.10/dist-packages/navbot_ros/robot_python_code.py
[1.651s] -- Symlinking: /home/nav/ros2_ws/src/navbot/install/navbot_ros/lib/navbot_ros/robot_ros_node.py
[1.662s] -- Symlinking: /home/nav/ros2_ws/src/navbot/install/navbot_ros/lib/navbot_ros/publish_guides.py
[1.670s] -- Symlinking: /home/nav/ros2_ws/src/navbot/install/navbot_ros/lib/navbot_ros/logger.py
[1.679s] -- Symlinking: /home/nav/ros2_ws/src/navbot/install/navbot_ros/lib/navbot_ros/plot_odometry.py
[1.686s] -- Symlinking: /home/nav/ros2_ws/src/navbot/install/navbot_ros/lib/navbot_ros/path_publisher.py
[1.695s] -- Symlinking: /home/nav/ros2_ws/src/navbot/install/navbot_ros/lib/navbot_ros/lidar_ros_node.py
[1.703s] -- Symlinking: /home/nav/ros2_ws/src/navbot/install/navbot_ros/lib/navbot_ros/lidar_marker_node.py
[1.712s] -- Symlinking: /home/nav/ros2_ws/src/navbot/install/navbot_ros/lib/navbot_ros/odom_tf_publisher.py
[1.722s] -- Symlinking: /home/nav/ros2_ws/src/navbot/install/navbot_ros/share/ament_index/resource_index/package_run_dependencies/navbot_ros
[1.730s] -- Symlinking: /home/nav/ros2_ws/src/navbot/install/navbot_ros/share/ament_index/resource_index/parent_prefix_path/navbot_ros
[1.743s] -- Symlinking: /home/nav/ros2_ws/src/navbot/install/navbot_ros/share/navbot_ros/environment/ament_prefix_path.sh
[1.750s] -- Symlinking: /home/nav/ros2_ws/src/navbot/install/navbot_ros/share/navbot_ros/environment/ament_prefix_path.dsv
[1.758s] -- Symlinking: /home/nav/ros2_ws/src/navbot/install/navbot_ros/share/navbot_ros/environment/path.sh
[1.766s] -- Symlinking: /home/nav/ros2_ws/src/navbot/install/navbot_ros/share/navbot_ros/environment/path.dsv
[1.774s] -- Symlinking: /home/nav/ros2_ws/src/navbot/install/navbot_ros/share/navbot_ros/local_setup.bash
[1.782s] -- Symlinking: /home/nav/ros2_ws/src/navbot/install/navbot_ros/share/navbot_ros/local_setup.sh
[1.792s] -- Symlinking: /home/nav/ros2_ws/src/navbot/install/navbot_ros/share/navbot_ros/local_setup.zsh
[1.800s] -- Symlinking: /home/nav/ros2_ws/src/navbot/install/navbot_ros/share/navbot_ros/local_setup.dsv
[1.808s] -- Symlinking: /home/nav/ros2_ws/src/navbot/install/navbot_ros/share/navbot_ros/package.dsv
[1.816s] -- Symlinking: /home/nav/ros2_ws/src/navbot/install/navbot_ros/share/ament_index/resource_index/packages/navbot_ros
[1.825s] -- Symlinking: /home/nav/ros2_ws/src/navbot/install/navbot_ros/share/navbot_ros/cmake/navbot_rosConfig.cmake
[1.833s] -- Symlinking: /home/nav/ros2_ws/src/navbot/install/navbot_ros/share/navbot_ros/cmake/navbot_rosConfig-version.cmake
[1.844s] -- Symlinking: /home/nav/ros2_ws/src/navbot/install/navbot_ros/share/navbot_ros/package.xml
[1.898s] Listing '/home/nav/ros2_ws/src/navbot/install/navbot_ros/local/lib/python3.10/dist-packages/navbot_ros'...
[1.898s] Compiling '/home/nav/ros2_ws/src/navbot/install/navbot_ros/local/lib/python3.10/dist-packages/navbot_ros/__init__.py'...
[1.898s] Compiling '/home/nav/ros2_ws/src/navbot/install/navbot_ros/local/lib/python3.10/dist-packages/navbot_ros/camera_estimator.py'...
[1.898s] Compiling '/home/nav/ros2_ws/src/navbot/install/navbot_ros/local/lib/python3.10/dist-packages/navbot_ros/data_handling.py'...
[1.898s] Compiling '/home/nav/ros2_ws/src/navbot/install/navbot_ros/local/lib/python3.10/dist-packages/navbot_ros/extended_kalman_filter.py'...
[1.899s] Compiling '/home/nav/ros2_ws/src/navbot/install/navbot_ros/local/lib/python3.10/dist-packages/navbot_ros/motion_models.py'...
[1.899s] Compiling '/home/nav/ros2_ws/src/navbot/install/navbot_ros/local/lib/python3.10/dist-packages/navbot_ros/parameters.py'...
[1.899s] Compiling '/home/nav/ros2_ws/src/navbot/install/navbot_ros/local/lib/python3.10/dist-packages/navbot_ros/particle_filter.py'...
[1.899s] Compiling '/home/nav/ros2_ws/src/navbot/install/navbot_ros/local/lib/python3.10/dist-packages/navbot_ros/robot.py'...
[1.899s] Compiling '/home/nav/ros2_ws/src/navbot/install/navbot_ros/local/lib/python3.10/dist-packages/navbot_ros/robot_python_code.py'...
[1.906s] Invoked command in '/home/nav/ros2_ws/src/navbot/build/navbot_ros' returned '0': CMAKE_PREFIX_PATH=${CMAKE_PREFIX_PATH}:/opt/ros/humble NX_CONNECTION=192.168.8.166 37032 192.168.8.204 4000 /usr/bin/cmake --install /home/nav/ros2_ws/src/navbot/build/navbot_ros
